-------------------------------------------------------------------------------
Test set: com.orangehrm.tests.EmployeeTest
-------------------------------------------------------------------------------
Tests run: 4, Failures: 3, Errors: 0, Skipped: 0, Time elapsed: 55.406 s <<< FAILURE! - in com.orangehrm.tests.EmployeeTest
testCreateEmployee(com.orangehrm.tests.EmployeeTest)  Time elapsed: 53.557 s  <<< FAILURE!
java.lang.AssertionError: 
1 expectation failed.
Expected header "Content-Type" was not "application/json", was "text/html; charset=UTF-8". Headers are:
Date=Mon, 23 Sep 2019 14:29:16 GMT
Server=Apache/2.4.39 (Win64) OpenSSL/1.1.1c PHP/7.3.7
X-Powered-By=PHP/7.3.7
Set-Cookie=PHPSESSID=7nkde2u4s8027jllj352vjp6ne; path=/; HttpOnly
Expires=Thu, 19 Nov 1981 08:52:00 GMT
Cache-Control=no-store, no-cache, must-revalidate
Pragma=no-cache
Content-Length=0
Connection=close
Content-Type=text/html; charset=UTF-8

	at com.orangehrm.tests.EmployeeTest.testCreateEmployee(EmployeeTest.java:49)

testGetEmployeeDetails(com.orangehrm.tests.EmployeeTest)  Time elapsed: 0.512 s  <<< FAILURE!
java.lang.AssertionError: 
1 expectation failed.
Expected header "Content-Type" was not "application/json", was "text/html; charset=utf-8". Headers are:
Date=Mon, 23 Sep 2019 14:30:10 GMT
Server=Apache/2.4.39 (Win64) OpenSSL/1.1.1c PHP/7.3.7
X-Powered-By=PHP/7.3.7
Set-Cookie=PHPSESSID=nocfum02ftijq3e0jqddc88f5j; path=/; HttpOnly
Expires=0
Cache-Control=must-revalidate, post-check=0, pre-check=0, max-age=0, private
Pragma=no-cache
Status=404 Not Found
X-Frame-Options=DENY
Keep-Alive=timeout=5, max=100
Connection=Keep-Alive
Transfer-Encoding=chunked
Content-Type=text/html; charset=utf-8

	at com.orangehrm.tests.EmployeeTest.testGetEmployeeDetails(EmployeeTest.java:60)

testUpdateEmployeeDetails(com.orangehrm.tests.EmployeeTest)  Time elapsed: 0.496 s  <<< FAILURE!
java.lang.AssertionError: 
1 expectation failed.
Expected status code <200> but was <404>.

	at com.orangehrm.tests.EmployeeTest.testUpdateEmployeeDetails(EmployeeTest.java:73)

